mode: count
github_parser/internal/core/core.go:37.61,46.38 6 3
github_parser/internal/core/core.go:46.38,48.3 1 0
github_parser/internal/core/core.go:50.2,52.28 2 3
github_parser/internal/core/core.go:52.28,54.3 1 0
github_parser/internal/core/core.go:56.2,56.17 1 3
github_parser/internal/core/core.go:56.17,58.3 1 0
github_parser/internal/core/core.go:60.2,60.60 1 3
github_parser/internal/core/core.go:60.60,62.3 1 0
github_parser/internal/core/core.go:63.2,63.17 1 3
github_parser/internal/core/core.go:66.75,71.2 2 1
github_parser/internal/core/core.go:73.50,77.33 4 1
github_parser/internal/core/core.go:77.33,78.37 1 1
github_parser/internal/core/core.go:78.37,80.4 1 1
github_parser/internal/core/core.go:80.9,82.4 1 0
github_parser/internal/core/core.go:85.3,88.17 3 1
github_parser/internal/core/core.go:88.17,92.18 4 1
github_parser/internal/core/core.go:92.18,94.27 2 1
github_parser/internal/core/core.go:94.27,97.6 2 1
github_parser/internal/core/core.go:98.10,100.5 1 0
github_parser/internal/core/core.go:101.4,101.69 1 1
github_parser/internal/core/core.go:106.85,113.42 6 1
github_parser/internal/core/core.go:113.42,115.3 1 0
github_parser/internal/core/core.go:117.2,121.26 4 1
github_parser/internal/core/core.go:121.26,124.38 3 1
github_parser/internal/core/core.go:124.38,126.4 1 1
github_parser/internal/core/core.go:128.3,128.32 1 1
github_parser/internal/core/core.go:128.32,129.9 1 1
github_parser/internal/core/core.go:133.2,134.42 2 1
github_parser/internal/core/core.go:134.42,136.30 2 0
github_parser/internal/core/core.go:136.30,139.4 2 0
github_parser/internal/core/core.go:142.2,142.19 1 1
